build/app/intermediates/manifest_merge_blame_file/debug/manifest-merger-blame-debug-report.txt
1<?xml version="1.0" encoding="utf-8"?>
2<manifest xmlns:android="http://schemas.android.com/apk/res/android"
3    package="com.metafortech.taqwem"
4    android:versionCode="2"
5    android:versionName="1.0.2" >
6
7    <uses-sdk
8        android:minSdkVersion="21"
9        android:targetSdkVersion="33" />
10    <!--
11         The INTERNET permission is required for development. Specifically,
12         the Flutter tool needs it to communicate with the running application
13         to allow setting breakpoints, to provide hot reload, etc.
14    -->
15    <uses-permission android:name="android.permission.INTERNET" />
15-->src/main/AndroidManifest.xml:43:5-67
15-->src/main/AndroidManifest.xml:43:22-64
16    <!-- Camera permission: -->
17    <uses-permission android:name="android.permission.CAMERA" />
17-->src/main/AndroidManifest.xml:5:5-65
17-->src/main/AndroidManifest.xml:5:22-62
18
19    <uses-feature
19-->src/main/AndroidManifest.xml:7:5-84
20        android:name="android.hardware.camera"
20-->src/main/AndroidManifest.xml:7:19-57
21        android:required="true" />
21-->src/main/AndroidManifest.xml:7:58-81
22    <uses-feature android:name="android.hardware.camera.autofocus" />
22-->src/main/AndroidManifest.xml:8:5-70
22-->src/main/AndroidManifest.xml:8:19-67
23    <uses-feature
23-->src/main/AndroidManifest.xml:9:5-88
24        android:name="android.hardware.microphone"
24-->src/main/AndroidManifest.xml:9:19-61
25        android:required="true" /> <!-- Microphone permission: -->
25-->src/main/AndroidManifest.xml:9:62-85
26    <uses-permission android:name="android.permission.RECORD_AUDIO" /> <!-- Contacts permission: -->
26-->src/main/AndroidManifest.xml:13:5-71
26-->src/main/AndroidManifest.xml:13:22-68
27    <uses-permission android:name="android.permission.READ_CONTACTS" />
27-->src/main/AndroidManifest.xml:16:5-72
27-->src/main/AndroidManifest.xml:16:22-69
28    <uses-permission android:name="android.permission.WRITE_CONTACTS" /> <!-- Storage permission: -->
28-->src/main/AndroidManifest.xml:17:5-73
28-->src/main/AndroidManifest.xml:17:22-70
29    <uses-permission android:name="android.permission.READ_EXTERNAL_STORAGE" />
29-->src/main/AndroidManifest.xml:20:5-80
29-->src/main/AndroidManifest.xml:20:22-77
30    <uses-permission android:name="android.permission.WRITE_EXTERNAL_STORAGE" /> <!-- Calendar permission: -->
30-->src/main/AndroidManifest.xml:21:5-81
30-->src/main/AndroidManifest.xml:21:22-78
31    <uses-permission android:name="android.permission.READ_CALENDAR" />
31-->src/main/AndroidManifest.xml:24:5-72
31-->src/main/AndroidManifest.xml:24:22-69
32    <uses-permission android:name="android.permission.WRITE_CALENDAR" /> <!-- Sensors permission: -->
32-->src/main/AndroidManifest.xml:25:5-73
32-->src/main/AndroidManifest.xml:25:22-70
33    <uses-permission android:name="android.permission.BODY_SENSORS" /> <!-- Clipboard permission: -->
33-->src/main/AndroidManifest.xml:29:5-71
33-->src/main/AndroidManifest.xml:29:22-68
34    <uses-permission android:name="android.permission.READ_CLIPBOARD_IN_BACKGROUND" />
34-->src/main/AndroidManifest.xml:33:5-87
34-->src/main/AndroidManifest.xml:33:22-84
35    <uses-permission android:name="android.permission.WRITE_CLIPBOARD_IN_BACKGROUND" /> <!-- Bluetooth permission: -->
35-->src/main/AndroidManifest.xml:34:5-88
35-->src/main/AndroidManifest.xml:34:22-85
36    <uses-permission android:name="android.permission.BLUETOOTH" />
36-->src/main/AndroidManifest.xml:38:5-68
36-->src/main/AndroidManifest.xml:38:22-65
37    <uses-permission android:name="android.permission.BLUETOOTH_ADMIN" /> <!-- Fingerprint permission: -->
37-->src/main/AndroidManifest.xml:39:5-74
37-->src/main/AndroidManifest.xml:39:22-71
38    <uses-permission android:name="android.permission.USE_FINGERPRINT" /> <!-- Phone state permission: -->
38-->src/main/AndroidManifest.xml:47:5-74
38-->src/main/AndroidManifest.xml:47:22-71
39    <uses-permission android:name="android.permission.READ_PHONE_STATE" />
39-->src/main/AndroidManifest.xml:51:5-75
39-->src/main/AndroidManifest.xml:51:22-72
40    <uses-permission android:name="android.permission.WAKE_LOCK" />
40-->src/main/AndroidManifest.xml:52:5-68
40-->src/main/AndroidManifest.xml:52:22-65
41    <uses-permission android:name="com.google.android.c2dm.permission.RECEIVE" />
41-->src/main/AndroidManifest.xml:53:5-82
41-->src/main/AndroidManifest.xml:53:22-79
42    <uses-permission android:name="android.permission.VIBRATE" />
42-->src/main/AndroidManifest.xml:54:5-66
42-->src/main/AndroidManifest.xml:54:22-63
43    <uses-permission android:name="android.permission.FOREGROUND_SERVICE" /> <!-- Network state permission: -->
43-->src/main/AndroidManifest.xml:55:5-77
43-->src/main/AndroidManifest.xml:55:22-74
44    <uses-permission android:name="android.permission.ACCESS_NETWORK_STATE" /> <!-- Installed Apps Access Permission -->
44-->src/main/AndroidManifest.xml:59:5-79
44-->src/main/AndroidManifest.xml:59:22-76
45    <uses-permission android:name="android.permission.QUERY_ALL_PACKAGES" />
45-->src/main/AndroidManifest.xml:63:5-77
45-->src/main/AndroidManifest.xml:63:22-74
46    <uses-permission android:name="android.permission.SCHEDULE_EXACT_ALARM" /> <!-- Provide required visibility configuration for API level 30 and above -->
46-->src/main/AndroidManifest.xml:65:5-79
46-->src/main/AndroidManifest.xml:65:22-76
47    <queries>
47-->src/main/AndroidManifest.xml:69:5-85:15
48
49        <!-- If your app checks for https URLs -->
50        <intent>
50-->src/main/AndroidManifest.xml:71:9-74:18
51            <action android:name="android.intent.action.VIEW" />
51-->src/main/AndroidManifest.xml:72:13-65
51-->src/main/AndroidManifest.xml:72:21-62
52
53            <data android:scheme="https" />
53-->src/main/AndroidManifest.xml:73:13-44
53-->src/main/AndroidManifest.xml:73:19-41
54        </intent>
55        <!-- If your app checks for SMS support -->
56        <intent>
56-->src/main/AndroidManifest.xml:76:9-79:18
57            <action android:name="android.intent.action.VIEW" />
57-->src/main/AndroidManifest.xml:72:13-65
57-->src/main/AndroidManifest.xml:72:21-62
58
59            <data android:scheme="sms" />
59-->src/main/AndroidManifest.xml:73:13-44
59-->src/main/AndroidManifest.xml:73:19-41
60        </intent>
61        <!-- If your app checks for call support -->
62        <intent>
62-->src/main/AndroidManifest.xml:81:9-84:18
63            <action android:name="android.intent.action.VIEW" />
63-->src/main/AndroidManifest.xml:72:13-65
63-->src/main/AndroidManifest.xml:72:21-62
64
65            <data android:scheme="tel" />
65-->src/main/AndroidManifest.xml:73:13-44
65-->src/main/AndroidManifest.xml:73:19-41
66        </intent>
67        <intent>
67-->[:flutter_inappwebview] AndroidManifest.xml:10:9-12:18
68            <action android:name="android.support.customtabs.action.CustomTabsService" />
68-->[:flutter_inappwebview] AndroidManifest.xml:11:13-90
68-->[:flutter_inappwebview] AndroidManifest.xml:11:21-87
69        </intent>
70    </queries> <!-- Permissions options for the `notification` group -->
71    <uses-permission android:name="android.permission.POST_NOTIFICATIONS" />
71-->[:firebase_messaging] AndroidManifest.xml:13:5-77
71-->[:firebase_messaging] AndroidManifest.xml:13:22-74
72    <uses-permission android:name="android.permission.ACCESS_WIFI_STATE" />
72-->[:network_info_plus] AndroidManifest.xml:10:5-76
72-->[:network_info_plus] AndroidManifest.xml:10:22-73
73    <uses-permission android:name="android.permission.RECEIVE_BOOT_COMPLETED" />
73-->[:awesome_notifications] AndroidManifest.xml:9:5-81
73-->[:awesome_notifications] AndroidManifest.xml:9:22-78
74
75    <permission
75-->[androidx.core:core:1.9.0] AndroidManifest.xml:22:5-24:47
76        android:name="com.metafortech.taqwem.DYNAMIC_RECEIVER_NOT_EXPORTED_PERMISSION"
76-->[androidx.core:core:1.9.0] AndroidManifest.xml:23:9-81
77        android:protectionLevel="signature" />
77-->[androidx.core:core:1.9.0] AndroidManifest.xml:24:9-44
78
79    <uses-permission android:name="com.metafortech.taqwem.DYNAMIC_RECEIVER_NOT_EXPORTED_PERMISSION" /> <!-- for android -->
79-->[androidx.core:core:1.9.0] AndroidManifest.xml:26:5-97
79-->[androidx.core:core:1.9.0] AndroidManifest.xml:26:22-94
80    <!-- <uses-permission android:name="com.android.launcher.permission.READ_SETTINGS"/> -->
81    <!-- <uses-permission android:name="com.android.launcher.permission.WRITE_SETTINGS"/> -->
82    <!-- <uses-permission android:name="com.android.launcher.permission.INSTALL_SHORTCUT" /> -->
83    <!-- <uses-permission android:name="com.android.launcher.permission.UNINSTALL_SHORTCUT" /> -->
84    <!-- for Samsung -->
85    <uses-permission android:name="com.sec.android.provider.badge.permission.READ" />
85-->[me.leolin:ShortcutBadger:1.1.22] AndroidManifest.xml:19:5-86
85-->[me.leolin:ShortcutBadger:1.1.22] AndroidManifest.xml:19:22-83
86    <uses-permission android:name="com.sec.android.provider.badge.permission.WRITE" /> <!-- for htc -->
86-->[me.leolin:ShortcutBadger:1.1.22] AndroidManifest.xml:20:5-87
86-->[me.leolin:ShortcutBadger:1.1.22] AndroidManifest.xml:20:22-84
87    <uses-permission android:name="com.htc.launcher.permission.READ_SETTINGS" />
87-->[me.leolin:ShortcutBadger:1.1.22] AndroidManifest.xml:23:5-81
87-->[me.leolin:ShortcutBadger:1.1.22] AndroidManifest.xml:23:22-78
88    <uses-permission android:name="com.htc.launcher.permission.UPDATE_SHORTCUT" /> <!-- for sony -->
88-->[me.leolin:ShortcutBadger:1.1.22] AndroidManifest.xml:24:5-83
88-->[me.leolin:ShortcutBadger:1.1.22] AndroidManifest.xml:24:22-80
89    <uses-permission android:name="com.sonyericsson.home.permission.BROADCAST_BADGE" />
89-->[me.leolin:ShortcutBadger:1.1.22] AndroidManifest.xml:27:5-88
89-->[me.leolin:ShortcutBadger:1.1.22] AndroidManifest.xml:27:22-85
90    <uses-permission android:name="com.sonymobile.home.permission.PROVIDER_INSERT_BADGE" /> <!-- for apex -->
90-->[me.leolin:ShortcutBadger:1.1.22] AndroidManifest.xml:28:5-92
90-->[me.leolin:ShortcutBadger:1.1.22] AndroidManifest.xml:28:22-89
91    <uses-permission android:name="com.anddoes.launcher.permission.UPDATE_COUNT" /> <!-- for solid -->
91-->[me.leolin:ShortcutBadger:1.1.22] AndroidManifest.xml:31:5-84
91-->[me.leolin:ShortcutBadger:1.1.22] AndroidManifest.xml:31:22-81
92    <uses-permission android:name="com.majeur.launcher.permission.UPDATE_BADGE" /> <!-- for huawei -->
92-->[me.leolin:ShortcutBadger:1.1.22] AndroidManifest.xml:34:5-83
92-->[me.leolin:ShortcutBadger:1.1.22] AndroidManifest.xml:34:22-80
93    <uses-permission android:name="com.huawei.android.launcher.permission.CHANGE_BADGE" />
93-->[me.leolin:ShortcutBadger:1.1.22] AndroidManifest.xml:37:5-91
93-->[me.leolin:ShortcutBadger:1.1.22] AndroidManifest.xml:37:22-88
94    <uses-permission android:name="com.huawei.android.launcher.permission.READ_SETTINGS" />
94-->[me.leolin:ShortcutBadger:1.1.22] AndroidManifest.xml:38:5-92
94-->[me.leolin:ShortcutBadger:1.1.22] AndroidManifest.xml:38:22-89
95    <uses-permission android:name="com.huawei.android.launcher.permission.WRITE_SETTINGS" /> <!-- for ZUK -->
95-->[me.leolin:ShortcutBadger:1.1.22] AndroidManifest.xml:39:5-93
95-->[me.leolin:ShortcutBadger:1.1.22] AndroidManifest.xml:39:22-90
96    <uses-permission android:name="android.permission.READ_APP_BADGE" /> <!-- for OPPO -->
96-->[me.leolin:ShortcutBadger:1.1.22] AndroidManifest.xml:42:5-73
96-->[me.leolin:ShortcutBadger:1.1.22] AndroidManifest.xml:42:22-70
97    <uses-permission android:name="com.oppo.launcher.permission.READ_SETTINGS" />
97-->[me.leolin:ShortcutBadger:1.1.22] AndroidManifest.xml:45:5-82
97-->[me.leolin:ShortcutBadger:1.1.22] AndroidManifest.xml:45:22-79
98    <uses-permission android:name="com.oppo.launcher.permission.WRITE_SETTINGS" /> <!-- for EvMe -->
98-->[me.leolin:ShortcutBadger:1.1.22] AndroidManifest.xml:46:5-83
98-->[me.leolin:ShortcutBadger:1.1.22] AndroidManifest.xml:46:22-80
99    <uses-permission android:name="me.everything.badger.permission.BADGE_COUNT_READ" />
99-->[me.leolin:ShortcutBadger:1.1.22] AndroidManifest.xml:49:5-88
99-->[me.leolin:ShortcutBadger:1.1.22] AndroidManifest.xml:49:22-85
100    <uses-permission android:name="me.everything.badger.permission.BADGE_COUNT_WRITE" />
100-->[me.leolin:ShortcutBadger:1.1.22] AndroidManifest.xml:50:5-89
100-->[me.leolin:ShortcutBadger:1.1.22] AndroidManifest.xml:50:22-86
101
102    <application
103        android:name="android.app.Application"
104        android:appComponentFactory="androidx.core.app.CoreComponentFactory"
104-->[androidx.core:core:1.9.0] AndroidManifest.xml:28:18-86
105        android:debuggable="true"
106        android:icon="@mipmap/ic_launcher"
107        android:label="تقويم اعمالي جده" >
108        <activity
109            android:name="com.metafortech.taqwem.MainActivity"
110            android:configChanges="orientation|keyboardHidden|keyboard|screenSize|smallestScreenSize|locale|layoutDirection|fontScale|screenLayout|density|uiMode"
111            android:enableOnBackInvokedCallback="true"
112            android:exported="true"
113            android:hardwareAccelerated="true"
114            android:launchMode="singleTop"
115            android:theme="@style/LaunchTheme"
116            android:windowSoftInputMode="adjustResize" >
117
118            <!--
119            Specifies an Android theme to apply to this Activity as soon as
120            the Android process has started. This theme is visible to the user
121            while the Flutter UI initializes. After that, this theme continues
122            to determine the Window background behind the Flutter UI.
123            -->
124            <meta-data
125                android:name="io.flutter.embedding.android.NormalTheme"
126                android:resource="@style/NormalTheme" />
127
128            <intent-filter>
129                <action android:name="android.intent.action.MAIN" />
130
131                <category android:name="android.intent.category.LAUNCHER" />
132            </intent-filter>
133        </activity>
134        <!--
135        Don't delete the meta-data below.
136        This is used by the Flutter tool to generate GeneratedPluginRegistrant.java
137        -->
138
139        <meta-data
140            android:name="flutterEmbedding"
141            android:value="2" />
142
143        <!-- Add the following service -->
144        <service
145            android:name="com.google.firebase.messaging.FirebaseMessagingService"
146            android:directBootAware="true"
146-->[com.google.firebase:firebase-messaging:23.1.2] AndroidManifest.xml:46:13-43
147            android:exported="false"
147-->[com.google.firebase:firebase-messaging:23.1.2] AndroidManifest.xml:47:13-37
148            android:stopWithTask="false" >
149            <intent-filter>
149-->[:firebase_messaging] AndroidManifest.xml:23:13-25:29
150                <action android:name="com.google.firebase.MESSAGING_EVENT" />
150-->[:firebase_messaging] AndroidManifest.xml:24:17-78
150-->[:firebase_messaging] AndroidManifest.xml:24:25-75
151            </intent-filter>
152            <intent-filter android:priority="-500" >
152-->[:firebase_messaging] AndroidManifest.xml:23:13-25:29
153                <action android:name="com.google.firebase.MESSAGING_EVENT" />
153-->[:firebase_messaging] AndroidManifest.xml:24:17-78
153-->[:firebase_messaging] AndroidManifest.xml:24:25-75
154            </intent-filter>
155        </service>
156
157        <!-- Add the following receiver -->
158        <receiver
159            android:name="com.google.firebase.messaging.FirebaseMessagingReceiver"
160            android:exported="true"
161            android:permission="com.google.android.c2dm.permission.SEND" >
162            <intent-filter>
163                <action android:name="com.google.android.c2dm.intent.RECEIVE" />
163-->[:firebase_messaging] AndroidManifest.xml:33:17-81
163-->[:firebase_messaging] AndroidManifest.xml:33:25-78
164                <action android:name="com.google.android.c2dm.intent.REGISTRATION" />
165
166                <category android:name="com.metafortech.taqwem" />
167            </intent-filter>
168        </receiver>
169
170        <service
170-->[:firebase_messaging] AndroidManifest.xml:16:9-19:72
171            android:name="io.flutter.plugins.firebase.messaging.FlutterFirebaseMessagingBackgroundService"
171-->[:firebase_messaging] AndroidManifest.xml:17:13-107
172            android:exported="false"
172-->[:firebase_messaging] AndroidManifest.xml:18:13-37
173            android:permission="android.permission.BIND_JOB_SERVICE" />
173-->[:firebase_messaging] AndroidManifest.xml:19:13-69
174        <service
174-->[:firebase_messaging] AndroidManifest.xml:20:9-26:19
175            android:name="io.flutter.plugins.firebase.messaging.FlutterFirebaseMessagingService"
175-->[:firebase_messaging] AndroidManifest.xml:21:13-97
176            android:exported="false" >
176-->[:firebase_messaging] AndroidManifest.xml:22:13-37
177            <intent-filter>
177-->[:firebase_messaging] AndroidManifest.xml:23:13-25:29
178                <action android:name="com.google.firebase.MESSAGING_EVENT" />
178-->[:firebase_messaging] AndroidManifest.xml:24:17-78
178-->[:firebase_messaging] AndroidManifest.xml:24:25-75
179            </intent-filter>
180        </service>
181
182        <receiver
182-->[:firebase_messaging] AndroidManifest.xml:28:9-35:20
183            android:name="io.flutter.plugins.firebase.messaging.FlutterFirebaseMessagingReceiver"
183-->[:firebase_messaging] AndroidManifest.xml:29:13-98
184            android:exported="true"
184-->[:firebase_messaging] AndroidManifest.xml:30:13-36
185            android:permission="com.google.android.c2dm.permission.SEND" >
185-->[:firebase_messaging] AndroidManifest.xml:31:13-73
186            <intent-filter>
186-->[:firebase_messaging] AndroidManifest.xml:32:13-34:29
187                <action android:name="com.google.android.c2dm.intent.RECEIVE" />
187-->[:firebase_messaging] AndroidManifest.xml:33:17-81
187-->[:firebase_messaging] AndroidManifest.xml:33:25-78
188            </intent-filter>
189        </receiver>
190
191        <service
191-->[:firebase_messaging] AndroidManifest.xml:37:9-41:19
192            android:name="com.google.firebase.components.ComponentDiscoveryService"
192-->[:firebase_messaging] AndroidManifest.xml:37:18-89
193            android:directBootAware="true"
193-->[com.google.firebase:firebase-common:20.3.2] AndroidManifest.xml:34:13-43
194            android:exported="false" >
194-->[com.google.firebase:firebase-iid:21.1.0] AndroidManifest.xml:31:13-37
195            <meta-data
195-->[:firebase_messaging] AndroidManifest.xml:38:13-40:85
196                android:name="com.google.firebase.components:io.flutter.plugins.firebase.messaging.FlutterFirebaseAppRegistrar"
196-->[:firebase_messaging] AndroidManifest.xml:39:17-128
197                android:value="com.google.firebase.components.ComponentRegistrar" />
197-->[:firebase_messaging] AndroidManifest.xml:40:17-82
198            <meta-data
198-->[:firebase_core] AndroidManifest.xml:11:13-13:85
199                android:name="com.google.firebase.components:io.flutter.plugins.firebase.core.FlutterFirebaseCoreRegistrar"
199-->[:firebase_core] AndroidManifest.xml:12:17-124
200                android:value="com.google.firebase.components.ComponentRegistrar" />
200-->[:firebase_core] AndroidManifest.xml:13:17-82
201            <meta-data
201-->[com.google.firebase:firebase-iid:21.1.0] AndroidManifest.xml:32:13-34:85
202                android:name="com.google.firebase.components:com.google.firebase.iid.Registrar"
202-->[com.google.firebase:firebase-iid:21.1.0] AndroidManifest.xml:33:17-96
203                android:value="com.google.firebase.components.ComponentRegistrar" />
203-->[com.google.firebase:firebase-iid:21.1.0] AndroidManifest.xml:34:17-82
204            <meta-data
204-->[com.google.firebase:firebase-messaging:23.1.2] AndroidManifest.xml:55:13-57:85
205                android:name="com.google.firebase.components:com.google.firebase.messaging.FirebaseMessagingRegistrar"
205-->[com.google.firebase:firebase-messaging:23.1.2] AndroidManifest.xml:56:17-119
206                android:value="com.google.firebase.components.ComponentRegistrar" />
206-->[com.google.firebase:firebase-messaging:23.1.2] AndroidManifest.xml:57:17-82
207            <meta-data
207-->[com.google.firebase:firebase-installations:17.1.3] AndroidManifest.xml:17:13-19:85
208                android:name="com.google.firebase.components:com.google.firebase.installations.FirebaseInstallationsRegistrar"
208-->[com.google.firebase:firebase-installations:17.1.3] AndroidManifest.xml:18:17-127
209                android:value="com.google.firebase.components.ComponentRegistrar" />
209-->[com.google.firebase:firebase-installations:17.1.3] AndroidManifest.xml:19:17-82
210            <meta-data
210-->[com.google.firebase:firebase-datatransport:18.1.7] AndroidManifest.xml:27:13-29:85
211                android:name="com.google.firebase.components:com.google.firebase.datatransport.TransportRegistrar"
211-->[com.google.firebase:firebase-datatransport:18.1.7] AndroidManifest.xml:28:17-115
212                android:value="com.google.firebase.components.ComponentRegistrar" />
212-->[com.google.firebase:firebase-datatransport:18.1.7] AndroidManifest.xml:29:17-82
213        </service>
214
215        <provider
215-->[:firebase_messaging] AndroidManifest.xml:43:9-47:38
216            android:name="io.flutter.plugins.firebase.messaging.FlutterFirebaseMessagingInitProvider"
216-->[:firebase_messaging] AndroidManifest.xml:44:13-102
217            android:authorities="com.metafortech.taqwem.flutterfirebasemessaginginitprovider"
217-->[:firebase_messaging] AndroidManifest.xml:45:13-88
218            android:exported="false"
218-->[:firebase_messaging] AndroidManifest.xml:46:13-37
219            android:initOrder="99" />
219-->[:firebase_messaging] AndroidManifest.xml:47:13-35
220
221        <receiver
221-->[:awesome_notifications] AndroidManifest.xml:13:9-15:40
222            android:name="me.carda.awesome_notifications.notifications.broadcastReceivers.DismissedNotificationReceiver"
222-->[:awesome_notifications] AndroidManifest.xml:14:13-121
223            android:exported="false" />
223-->[:awesome_notifications] AndroidManifest.xml:15:13-37
224        <receiver
224-->[:awesome_notifications] AndroidManifest.xml:16:9-18:40
225            android:name="me.carda.awesome_notifications.notifications.broadcastReceivers.ScheduledNotificationReceiver"
225-->[:awesome_notifications] AndroidManifest.xml:17:13-121
226            android:exported="false" />
226-->[:awesome_notifications] AndroidManifest.xml:18:13-37
227        <receiver
227-->[:awesome_notifications] AndroidManifest.xml:19:9-21:40
228            android:name="me.carda.awesome_notifications.notifications.broadcastReceivers.KeepOnTopActionReceiver"
228-->[:awesome_notifications] AndroidManifest.xml:20:13-115
229            android:exported="false" />
229-->[:awesome_notifications] AndroidManifest.xml:21:13-37
230        <receiver
230-->[:awesome_notifications] AndroidManifest.xml:22:9-35:20
231            android:name="me.carda.awesome_notifications.notifications.broadcastReceivers.RefreshSchedulesReceiver"
231-->[:awesome_notifications] AndroidManifest.xml:23:13-116
232            android:exported="false" >
232-->[:awesome_notifications] AndroidManifest.xml:24:13-37
233            <intent-filter>
233-->[:awesome_notifications] AndroidManifest.xml:25:13-34:29
234                <category android:name="android.intent.category.DEFAULT" />
234-->[:awesome_notifications] AndroidManifest.xml:26:17-76
234-->[:awesome_notifications] AndroidManifest.xml:26:27-73
235
236                <action android:name="android.intent.action.BOOT_COMPLETED" />
236-->[:awesome_notifications] AndroidManifest.xml:28:17-79
236-->[:awesome_notifications] AndroidManifest.xml:28:25-76
237                <action android:name="android.intent.action.LOCKED_BOOT_COMPLETED" />
237-->[:awesome_notifications] AndroidManifest.xml:29:17-86
237-->[:awesome_notifications] AndroidManifest.xml:29:25-83
238                <action android:name="android.intent.action.MY_PACKAGE_REPLACED" />
238-->[:awesome_notifications] AndroidManifest.xml:30:17-84
238-->[:awesome_notifications] AndroidManifest.xml:30:25-81
239                <action android:name="android.intent.action.QUICKBOOT_POWERON" />
239-->[:awesome_notifications] AndroidManifest.xml:31:17-82
239-->[:awesome_notifications] AndroidManifest.xml:31:25-79
240                <action android:name="com.htc.intent.action.QUICKBOOT_POWERON" />
240-->[:awesome_notifications] AndroidManifest.xml:32:17-82
240-->[:awesome_notifications] AndroidManifest.xml:32:25-79
241                <action android:name="android.app.action.SCHEDULE_EXACT_ALARM_PERMISSION_STATE_CHANGED" />
241-->[:awesome_notifications] AndroidManifest.xml:33:17-107
241-->[:awesome_notifications] AndroidManifest.xml:33:25-104
242            </intent-filter>
243        </receiver>
244
245        <activity
245-->[:url_launcher_android] AndroidManifest.xml:10:9-13:74
246            android:name="io.flutter.plugins.urllauncher.WebViewActivity"
246-->[:url_launcher_android] AndroidManifest.xml:11:13-74
247            android:exported="false"
247-->[:url_launcher_android] AndroidManifest.xml:12:13-37
248            android:theme="@android:style/Theme.NoTitleBar.Fullscreen" />
248-->[:url_launcher_android] AndroidManifest.xml:13:13-71
249        <activity
249-->[:flutter_inappwebview] AndroidManifest.xml:16:9-20:47
250            android:name="com.pichillilorenzo.flutter_inappwebview.in_app_browser.InAppBrowserActivity"
250-->[:flutter_inappwebview] AndroidManifest.xml:17:13-104
251            android:configChanges="orientation|keyboardHidden|keyboard|screenSize|locale|layoutDirection|fontScale|screenLayout|density"
251-->[:flutter_inappwebview] AndroidManifest.xml:18:13-137
252            android:exported="false"
252-->[:flutter_inappwebview] AndroidManifest.xml:19:13-37
253            android:theme="@style/AppTheme" />
253-->[:flutter_inappwebview] AndroidManifest.xml:20:13-44
254        <activity
254-->[:flutter_inappwebview] AndroidManifest.xml:21:9-24:55
255            android:name="com.pichillilorenzo.flutter_inappwebview.chrome_custom_tabs.ChromeCustomTabsActivity"
255-->[:flutter_inappwebview] AndroidManifest.xml:22:13-112
256            android:exported="false"
256-->[:flutter_inappwebview] AndroidManifest.xml:23:13-37
257            android:theme="@style/ThemeTransparent" />
257-->[:flutter_inappwebview] AndroidManifest.xml:24:13-52
258        <activity
258-->[:flutter_inappwebview] AndroidManifest.xml:25:9-28:55
259            android:name="com.pichillilorenzo.flutter_inappwebview.chrome_custom_tabs.TrustedWebActivity"
259-->[:flutter_inappwebview] AndroidManifest.xml:26:13-106
260            android:exported="false"
260-->[:flutter_inappwebview] AndroidManifest.xml:27:13-37
261            android:theme="@style/ThemeTransparent" />
261-->[:flutter_inappwebview] AndroidManifest.xml:28:13-52
262        <activity
262-->[:flutter_inappwebview] AndroidManifest.xml:29:9-33:55
263            android:name="com.pichillilorenzo.flutter_inappwebview.chrome_custom_tabs.ChromeCustomTabsActivitySingleInstance"
263-->[:flutter_inappwebview] AndroidManifest.xml:30:13-126
264            android:exported="false"
264-->[:flutter_inappwebview] AndroidManifest.xml:31:13-37
265            android:launchMode="singleInstance"
265-->[:flutter_inappwebview] AndroidManifest.xml:32:13-48
266            android:theme="@style/ThemeTransparent" />
266-->[:flutter_inappwebview] AndroidManifest.xml:33:13-52
267        <activity
267-->[:flutter_inappwebview] AndroidManifest.xml:34:9-38:55
268            android:name="com.pichillilorenzo.flutter_inappwebview.chrome_custom_tabs.TrustedWebActivitySingleInstance"
268-->[:flutter_inappwebview] AndroidManifest.xml:35:13-120
269            android:exported="false"
269-->[:flutter_inappwebview] AndroidManifest.xml:36:13-37
270            android:launchMode="singleInstance"
270-->[:flutter_inappwebview] AndroidManifest.xml:37:13-48
271            android:theme="@style/ThemeTransparent" />
271-->[:flutter_inappwebview] AndroidManifest.xml:38:13-52
272
273        <receiver
273-->[:flutter_inappwebview] AndroidManifest.xml:40:9-43:40
274            android:name="com.pichillilorenzo.flutter_inappwebview.chrome_custom_tabs.ActionBroadcastReceiver"
274-->[:flutter_inappwebview] AndroidManifest.xml:41:13-111
275            android:enabled="true"
275-->[:flutter_inappwebview] AndroidManifest.xml:42:13-35
276            android:exported="false" />
276-->[:flutter_inappwebview] AndroidManifest.xml:43:13-37
277
278        <meta-data
278-->[:flutter_inappwebview] AndroidManifest.xml:45:9-47:36
279            android:name="io.flutter.embedded_views_preview"
279-->[:flutter_inappwebview] AndroidManifest.xml:46:13-61
280            android:value="true" />
280-->[:flutter_inappwebview] AndroidManifest.xml:47:13-33
281        <!--
282           Declares a provider which allows us to store files to share in
283           '.../caches/share_plus' and grant the receiving action access
284        -->
285        <provider
285-->[:share_plus] AndroidManifest.xml:15:9-23:20
286            android:name="dev.fluttercommunity.plus.share.ShareFileProvider"
286-->[:share_plus] AndroidManifest.xml:16:13-77
287            android:authorities="com.metafortech.taqwem.flutter.share_provider"
287-->[:share_plus] AndroidManifest.xml:17:13-74
288            android:exported="false"
288-->[:share_plus] AndroidManifest.xml:18:13-37
289            android:grantUriPermissions="true" >
289-->[:share_plus] AndroidManifest.xml:19:13-47
290            <meta-data
290-->[:share_plus] AndroidManifest.xml:20:13-22:68
291                android:name="android.support.FILE_PROVIDER_PATHS"